<?xml version="1.0" encoding="UTF-8"?>
<testng-results ignored="0" total="2" passed="2" failed="0" skipped="0">
  <reporter-output>
  </reporter-output>
  <suite started-at="2026-04-29T22:11:02 IST" name="Default suite" finished-at="2026-04-29T22:11:03 IST" duration-ms="188">
    <groups>
    </groups>
    <test started-at="2026-04-29T22:11:02 IST" name="Default test" finished-at="2026-04-29T22:11:03 IST" duration-ms="188">
      <class name="testNGPratice.Testing">
        <test-method signature="m2()[pri:1, instance:testNGPratice.Testing@576d5deb]" started-at="2026-04-29T22:11:03 IST" name="m2" finished-at="2026-04-29T22:11:03 IST" duration-ms="20" status="PASS">
          <reporter-output>
          </reporter-output>
        </test-method> <!-- m2 -->
        <test-method signature="m1()[pri:2, instance:testNGPratice.Testing@576d5deb]" started-at="2026-04-29T22:11:03 IST" name="m1" finished-at="2026-04-29T22:11:03 IST" duration-ms="13" status="PASS">
          <reporter-output>
          </reporter-output>
        </test-method> <!-- m1 -->
      </class> <!-- testNGPratice.Testing -->
    </test> <!-- Default test -->
  </suite> <!-- Default suite -->
</testng-results>
