<?xml version="1.0" encoding="UTF-8"?>
<testng-results ignored="0" total="1" passed="1" failed="0" skipped="0">
  <reporter-output>
  </reporter-output>
  <suite started-at="2026-04-29T21:57:28 IST" name="Default suite" finished-at="2026-04-29T21:57:28 IST" duration-ms="240">
    <groups>
    </groups>
    <test started-at="2026-04-29T21:57:28 IST" name="Default test" finished-at="2026-04-29T21:57:28 IST" duration-ms="240">
      <class name="testNGPratice.Testing">
        <test-method signature="m1()[pri:0, instance:testNGPratice.Testing@4b45a2f5]" started-at="2026-04-29T21:57:28 IST" name="m1" finished-at="2026-04-29T21:57:28 IST" duration-ms="30" status="PASS">
          <reporter-output>
          </reporter-output>
        </test-method> <!-- m1 -->
      </class> <!-- testNGPratice.Testing -->
    </test> <!-- Default test -->
  </suite> <!-- Default suite -->
</testng-results>
